<?xml version="1.0" encoding="UTF-8"?>
<!-- Generated by org.testng.reporters.JUnitXMLReporter -->
<testsuite ignored="0" hostname="DESKTOP-VLAJNG1" failures="0" tests="18" name="Default test" time="169.822" errors="0" timestamp="2022-09-28T20:17:08 IST">
  <testcase classname="com.ots.test.ui.DashboardTest" name="login" time="20.938"/>
  <testcase classname="com.ots.test.ui.DashboardTest" name="landingWelcomePage" time="13.958"/>
  <testcase classname="com.ots.test.ui.DashboardTest" name="dashboardIconTest" time="6.325"/>
  <testcase classname="com.ots.test.ui.DashboardTest" name="ClientNameTest" time="4.172"/>
  <testcase classname="com.ots.test.ui.DashboardTest" name="sideBarLogoTest" time="6.266"/>
  <testcase classname="com.ots.test.ui.DashboardTest" name="headerToggleIconTestbeforeClick" time="6.356"/>
  <testcase classname="com.ots.test.ui.DashboardTest" name="headerToggleIconTestAfterClick" time="6.252"/>
  <testcase classname="com.ots.test.ui.DashboardTest" name="themeIconTestbeforeClick" time="6.367"/>
  <testcase classname="com.ots.test.ui.DashboardTest" name="themeIconTestAfterClick" time="6.265"/>
  <testcase classname="com.ots.test.ui.DashboardTest" name="bellIconTestBeforeClick" time="9.387"/>
  <testcase classname="com.ots.test.ui.DashboardTest" name="bellIconAfterClick" time="3.136"/>
  <testcase classname="com.ots.test.ui.DashboardTest" name="bellIconAfterClickCSS" time="11.327"/>
  <testcase classname="com.ots.test.ui.DashboardTest" name="profileName" time="3.178"/>
  <testcase classname="com.ots.test.ui.DashboardTest" name="profileIconTestBeforeClick" time="6.318"/>
  <testcase classname="com.ots.test.ui.DashboardTest" name="profileIconTestAfterClick" time="11.314"/>
  <testcase classname="com.ots.test.ui.DashboardTest" name="NavigateToDashboard" time="9.698"/>
  <testcase classname="com.ots.test.ui.DashboardTest" name="NavigateToReports" time="15.887"/>
  <testcase classname="com.ots.test.ui.DashboardTest" name="logOut" time="14.697"/>
</testsuite> <!-- Default test -->
