<?xml version="1.0" encoding="UTF-8"?>
<testng-results ignored="0" total="18" passed="18" failed="0" skipped="0">
  <reporter-output>
  </reporter-output>
  <suite started-at="2022-09-28T20:14:18 IST" name="Default suite" finished-at="2022-09-28T20:17:08 IST" duration-ms="169822">
    <groups>
    </groups>
    <test started-at="2022-09-28T20:14:18 IST" name="Default test" finished-at="2022-09-28T20:17:08 IST" duration-ms="169822">
      <class name="com.ots.test.ui.DashboardTest">
        <test-method is-config="true" signature="setup()[pri:0, instance:com.ots.test.ui.DashboardTest@76f2bbc1]" started-at="2022-09-28T20:14:18 IST" name="setup" finished-at="2022-09-28T20:14:25 IST" duration-ms="7310" status="PASS">
          <reporter-output>
          </reporter-output>
        </test-method> <!-- setup -->
        <test-method is-config="true" signature="beforeMethod(java.lang.reflect.Method)[pri:0, instance:com.ots.test.ui.DashboardTest@76f2bbc1]" started-at="2022-09-28T20:14:25 IST" name="beforeMethod" finished-at="2022-09-28T20:14:25 IST" duration-ms="8" status="PASS">
          <params>
            <param index="0">
              <value>
                <![CDATA[public void com.ots.test.ui.DashboardTest.login()]]>
              </value>
            </param>
          </params>
          <reporter-output>
          </reporter-output>
        </test-method> <!-- beforeMethod -->
        <test-method signature="login()[pri:1, instance:com.ots.test.ui.DashboardTest@76f2bbc1]" started-at="2022-09-28T20:14:25 IST" name="login" finished-at="2022-09-28T20:14:46 IST" duration-ms="20938" status="PASS">
          <reporter-output>
          </reporter-output>
        </test-method> <!-- login -->
        <test-method is-config="true" signature="beforeMethod(java.lang.reflect.Method)[pri:0, instance:com.ots.test.ui.DashboardTest@76f2bbc1]" started-at="2022-09-28T20:14:46 IST" name="beforeMethod" finished-at="2022-09-28T20:14:46 IST" duration-ms="1" status="PASS">
          <params>
            <param index="0">
              <value>
                <![CDATA[public void com.ots.test.ui.DashboardTest.landingWelcomePage() throws java.io.IOException,com.gurock.testrail.APIException]]>
              </value>
            </param>
          </params>
          <reporter-output>
          </reporter-output>
        </test-method> <!-- beforeMethod -->
        <test-method signature="landingWelcomePage()[pri:2, instance:com.ots.test.ui.DashboardTest@76f2bbc1]" started-at="2022-09-28T20:14:46 IST" name="landingWelcomePage" finished-at="2022-09-28T20:15:00 IST" depends-on-methods="com.ots.test.ui.DashboardTest.login" duration-ms="13958" status="PASS">
          <reporter-output>
          </reporter-output>
        </test-method> <!-- landingWelcomePage -->
        <test-method is-config="true" signature="beforeMethod(java.lang.reflect.Method)[pri:0, instance:com.ots.test.ui.DashboardTest@76f2bbc1]" started-at="2022-09-28T20:15:00 IST" name="beforeMethod" finished-at="2022-09-28T20:15:00 IST" duration-ms="1" status="PASS">
          <params>
            <param index="0">
              <value>
                <![CDATA[public void com.ots.test.ui.DashboardTest.dashboardIconTest()]]>
              </value>
            </param>
          </params>
          <reporter-output>
          </reporter-output>
        </test-method> <!-- beforeMethod -->
        <test-method signature="dashboardIconTest()[pri:3, instance:com.ots.test.ui.DashboardTest@76f2bbc1]" started-at="2022-09-28T20:15:00 IST" name="dashboardIconTest" finished-at="2022-09-28T20:15:07 IST" depends-on-methods="com.ots.test.ui.DashboardTest.landingWelcomePage" duration-ms="6325" status="PASS">
          <reporter-output>
          </reporter-output>
        </test-method> <!-- dashboardIconTest -->
        <test-method is-config="true" signature="beforeMethod(java.lang.reflect.Method)[pri:0, instance:com.ots.test.ui.DashboardTest@76f2bbc1]" started-at="2022-09-28T20:15:07 IST" name="beforeMethod" finished-at="2022-09-28T20:15:07 IST" duration-ms="1" status="PASS">
          <params>
            <param index="0">
              <value>
                <![CDATA[public void com.ots.test.ui.DashboardTest.ClientNameTest() throws java.io.IOException,com.gurock.testrail.APIException]]>
              </value>
            </param>
          </params>
          <reporter-output>
          </reporter-output>
        </test-method> <!-- beforeMethod -->
        <test-method signature="ClientNameTest()[pri:4, instance:com.ots.test.ui.DashboardTest@76f2bbc1]" started-at="2022-09-28T20:15:07 IST" name="ClientNameTest" finished-at="2022-09-28T20:15:11 IST" depends-on-methods="com.ots.test.ui.DashboardTest.dashboardIconTest" duration-ms="4172" status="PASS">
          <reporter-output>
          </reporter-output>
        </test-method> <!-- ClientNameTest -->
        <test-method is-config="true" signature="beforeMethod(java.lang.reflect.Method)[pri:0, instance:com.ots.test.ui.DashboardTest@76f2bbc1]" started-at="2022-09-28T20:15:11 IST" name="beforeMethod" finished-at="2022-09-28T20:15:11 IST" duration-ms="1" status="PASS">
          <params>
            <param index="0">
              <value>
                <![CDATA[public void com.ots.test.ui.DashboardTest.sideBarLogoTest()]]>
              </value>
            </param>
          </params>
          <reporter-output>
          </reporter-output>
        </test-method> <!-- beforeMethod -->
        <test-method signature="sideBarLogoTest()[pri:5, instance:com.ots.test.ui.DashboardTest@76f2bbc1]" started-at="2022-09-28T20:15:11 IST" name="sideBarLogoTest" finished-at="2022-09-28T20:15:17 IST" depends-on-methods="com.ots.test.ui.DashboardTest.landingWelcomePage" duration-ms="6266" status="PASS">
          <reporter-output>
          </reporter-output>
        </test-method> <!-- sideBarLogoTest -->
        <test-method is-config="true" signature="beforeMethod(java.lang.reflect.Method)[pri:0, instance:com.ots.test.ui.DashboardTest@76f2bbc1]" started-at="2022-09-28T20:15:17 IST" name="beforeMethod" finished-at="2022-09-28T20:15:17 IST" duration-ms="0" status="PASS">
          <params>
            <param index="0">
              <value>
                <![CDATA[public void com.ots.test.ui.DashboardTest.headerToggleIconTestbeforeClick()]]>
              </value>
            </param>
          </params>
          <reporter-output>
          </reporter-output>
        </test-method> <!-- beforeMethod -->
        <test-method signature="headerToggleIconTestbeforeClick()[pri:6, instance:com.ots.test.ui.DashboardTest@76f2bbc1]" started-at="2022-09-28T20:15:17 IST" name="headerToggleIconTestbeforeClick" finished-at="2022-09-28T20:15:23 IST" duration-ms="6356" status="PASS">
          <reporter-output>
          </reporter-output>
        </test-method> <!-- headerToggleIconTestbeforeClick -->
        <test-method is-config="true" signature="beforeMethod(java.lang.reflect.Method)[pri:0, instance:com.ots.test.ui.DashboardTest@76f2bbc1]" started-at="2022-09-28T20:15:24 IST" name="beforeMethod" finished-at="2022-09-28T20:15:24 IST" duration-ms="0" status="PASS">
          <params>
            <param index="0">
              <value>
                <![CDATA[public void com.ots.test.ui.DashboardTest.headerToggleIconTestAfterClick()]]>
              </value>
            </param>
          </params>
          <reporter-output>
          </reporter-output>
        </test-method> <!-- beforeMethod -->
        <test-method signature="headerToggleIconTestAfterClick()[pri:7, instance:com.ots.test.ui.DashboardTest@76f2bbc1]" started-at="2022-09-28T20:15:24 IST" name="headerToggleIconTestAfterClick" finished-at="2022-09-28T20:15:30 IST" depends-on-methods="com.ots.test.ui.DashboardTest.headerToggleIconTestbeforeClick" duration-ms="6252" status="PASS">
          <reporter-output>
          </reporter-output>
        </test-method> <!-- headerToggleIconTestAfterClick -->
        <test-method is-config="true" signature="beforeMethod(java.lang.reflect.Method)[pri:0, instance:com.ots.test.ui.DashboardTest@76f2bbc1]" started-at="2022-09-28T20:15:30 IST" name="beforeMethod" finished-at="2022-09-28T20:15:30 IST" duration-ms="0" status="PASS">
          <params>
            <param index="0">
              <value>
                <![CDATA[public void com.ots.test.ui.DashboardTest.themeIconTestbeforeClick()]]>
              </value>
            </param>
          </params>
          <reporter-output>
          </reporter-output>
        </test-method> <!-- beforeMethod -->
        <test-method signature="themeIconTestbeforeClick()[pri:8, instance:com.ots.test.ui.DashboardTest@76f2bbc1]" started-at="2022-09-28T20:15:30 IST" name="themeIconTestbeforeClick" finished-at="2022-09-28T20:15:36 IST" duration-ms="6367" status="PASS">
          <reporter-output>
          </reporter-output>
        </test-method> <!-- themeIconTestbeforeClick -->
        <test-method is-config="true" signature="beforeMethod(java.lang.reflect.Method)[pri:0, instance:com.ots.test.ui.DashboardTest@76f2bbc1]" started-at="2022-09-28T20:15:36 IST" name="beforeMethod" finished-at="2022-09-28T20:15:36 IST" duration-ms="1" status="PASS">
          <params>
            <param index="0">
              <value>
                <![CDATA[public void com.ots.test.ui.DashboardTest.themeIconTestAfterClick()]]>
              </value>
            </param>
          </params>
          <reporter-output>
          </reporter-output>
        </test-method> <!-- beforeMethod -->
        <test-method signature="themeIconTestAfterClick()[pri:9, instance:com.ots.test.ui.DashboardTest@76f2bbc1]" started-at="2022-09-28T20:15:36 IST" name="themeIconTestAfterClick" finished-at="2022-09-28T20:15:42 IST" depends-on-methods="com.ots.test.ui.DashboardTest.themeIconTestbeforeClick" duration-ms="6265" status="PASS">
          <reporter-output>
          </reporter-output>
        </test-method> <!-- themeIconTestAfterClick -->
        <test-method is-config="true" signature="beforeMethod(java.lang.reflect.Method)[pri:0, instance:com.ots.test.ui.DashboardTest@76f2bbc1]" started-at="2022-09-28T20:15:42 IST" name="beforeMethod" finished-at="2022-09-28T20:15:42 IST" duration-ms="1" status="PASS">
          <params>
            <param index="0">
              <value>
                <![CDATA[public void com.ots.test.ui.DashboardTest.bellIconTestBeforeClick()]]>
              </value>
            </param>
          </params>
          <reporter-output>
          </reporter-output>
        </test-method> <!-- beforeMethod -->
        <test-method signature="bellIconTestBeforeClick()[pri:10, instance:com.ots.test.ui.DashboardTest@76f2bbc1]" started-at="2022-09-28T20:15:42 IST" name="bellIconTestBeforeClick" finished-at="2022-09-28T20:15:52 IST" duration-ms="9387" status="PASS">
          <reporter-output>
          </reporter-output>
        </test-method> <!-- bellIconTestBeforeClick -->
        <test-method is-config="true" signature="beforeMethod(java.lang.reflect.Method)[pri:0, instance:com.ots.test.ui.DashboardTest@76f2bbc1]" started-at="2022-09-28T20:15:52 IST" name="beforeMethod" finished-at="2022-09-28T20:15:52 IST" duration-ms="1" status="PASS">
          <params>
            <param index="0">
              <value>
                <![CDATA[public void com.ots.test.ui.DashboardTest.bellIconAfterClick()]]>
              </value>
            </param>
          </params>
          <reporter-output>
          </reporter-output>
        </test-method> <!-- beforeMethod -->
        <test-method signature="bellIconAfterClick()[pri:11, instance:com.ots.test.ui.DashboardTest@76f2bbc1]" started-at="2022-09-28T20:15:52 IST" name="bellIconAfterClick" finished-at="2022-09-28T20:15:55 IST" depends-on-methods="com.ots.test.ui.DashboardTest.bellIconTestBeforeClick" duration-ms="3136" status="PASS">
          <reporter-output>
          </reporter-output>
        </test-method> <!-- bellIconAfterClick -->
        <test-method is-config="true" signature="beforeMethod(java.lang.reflect.Method)[pri:0, instance:com.ots.test.ui.DashboardTest@76f2bbc1]" started-at="2022-09-28T20:15:55 IST" name="beforeMethod" finished-at="2022-09-28T20:15:55 IST" duration-ms="1" status="PASS">
          <params>
            <param index="0">
              <value>
                <![CDATA[public void com.ots.test.ui.DashboardTest.bellIconAfterClickCSS()]]>
              </value>
            </param>
          </params>
          <reporter-output>
          </reporter-output>
        </test-method> <!-- beforeMethod -->
        <test-method signature="bellIconAfterClickCSS()[pri:12, instance:com.ots.test.ui.DashboardTest@76f2bbc1]" started-at="2022-09-28T20:15:55 IST" name="bellIconAfterClickCSS" finished-at="2022-09-28T20:16:06 IST" depends-on-methods="com.ots.test.ui.DashboardTest.bellIconAfterClick" duration-ms="11327" status="PASS">
          <reporter-output>
          </reporter-output>
        </test-method> <!-- bellIconAfterClickCSS -->
        <test-method is-config="true" signature="beforeMethod(java.lang.reflect.Method)[pri:0, instance:com.ots.test.ui.DashboardTest@76f2bbc1]" started-at="2022-09-28T20:16:06 IST" name="beforeMethod" finished-at="2022-09-28T20:16:06 IST" duration-ms="1" status="PASS">
          <params>
            <param index="0">
              <value>
                <![CDATA[public void com.ots.test.ui.DashboardTest.profileName()]]>
              </value>
            </param>
          </params>
          <reporter-output>
          </reporter-output>
        </test-method> <!-- beforeMethod -->
        <test-method signature="profileName()[pri:13, instance:com.ots.test.ui.DashboardTest@76f2bbc1]" started-at="2022-09-28T20:16:06 IST" name="profileName" finished-at="2022-09-28T20:16:09 IST" duration-ms="3178" status="PASS">
          <reporter-output>
          </reporter-output>
        </test-method> <!-- profileName -->
        <test-method is-config="true" signature="beforeMethod(java.lang.reflect.Method)[pri:0, instance:com.ots.test.ui.DashboardTest@76f2bbc1]" started-at="2022-09-28T20:16:10 IST" name="beforeMethod" finished-at="2022-09-28T20:16:10 IST" duration-ms="1" status="PASS">
          <params>
            <param index="0">
              <value>
                <![CDATA[public void com.ots.test.ui.DashboardTest.profileIconTestBeforeClick()]]>
              </value>
            </param>
          </params>
          <reporter-output>
          </reporter-output>
        </test-method> <!-- beforeMethod -->
        <test-method signature="profileIconTestBeforeClick()[pri:14, instance:com.ots.test.ui.DashboardTest@76f2bbc1]" started-at="2022-09-28T20:16:10 IST" name="profileIconTestBeforeClick" finished-at="2022-09-28T20:16:16 IST" duration-ms="6318" status="PASS">
          <reporter-output>
          </reporter-output>
        </test-method> <!-- profileIconTestBeforeClick -->
        <test-method is-config="true" signature="beforeMethod(java.lang.reflect.Method)[pri:0, instance:com.ots.test.ui.DashboardTest@76f2bbc1]" started-at="2022-09-28T20:16:16 IST" name="beforeMethod" finished-at="2022-09-28T20:16:16 IST" duration-ms="3" status="PASS">
          <params>
            <param index="0">
              <value>
                <![CDATA[public void com.ots.test.ui.DashboardTest.profileIconTestAfterClick()]]>
              </value>
            </param>
          </params>
          <reporter-output>
          </reporter-output>
        </test-method> <!-- beforeMethod -->
        <test-method signature="profileIconTestAfterClick()[pri:15, instance:com.ots.test.ui.DashboardTest@76f2bbc1]" started-at="2022-09-28T20:16:16 IST" name="profileIconTestAfterClick" finished-at="2022-09-28T20:16:27 IST" depends-on-methods="com.ots.test.ui.DashboardTest.profileIconTestBeforeClick" duration-ms="11314" status="PASS">
          <reporter-output>
          </reporter-output>
        </test-method> <!-- profileIconTestAfterClick -->
        <test-method is-config="true" signature="beforeMethod(java.lang.reflect.Method)[pri:0, instance:com.ots.test.ui.DashboardTest@76f2bbc1]" started-at="2022-09-28T20:16:27 IST" name="beforeMethod" finished-at="2022-09-28T20:16:27 IST" duration-ms="1" status="PASS">
          <params>
            <param index="0">
              <value>
                <![CDATA[public void com.ots.test.ui.DashboardTest.NavigateToDashboard()]]>
              </value>
            </param>
          </params>
          <reporter-output>
          </reporter-output>
        </test-method> <!-- beforeMethod -->
        <test-method signature="NavigateToDashboard()[pri:16, instance:com.ots.test.ui.DashboardTest@76f2bbc1]" started-at="2022-09-28T20:16:27 IST" name="NavigateToDashboard" finished-at="2022-09-28T20:16:37 IST" depends-on-methods="com.ots.test.ui.DashboardTest.profileIconTestAfterClick" duration-ms="9698" status="PASS">
          <reporter-output>
          </reporter-output>
        </test-method> <!-- NavigateToDashboard -->
        <test-method is-config="true" signature="beforeMethod(java.lang.reflect.Method)[pri:0, instance:com.ots.test.ui.DashboardTest@76f2bbc1]" started-at="2022-09-28T20:16:37 IST" name="beforeMethod" finished-at="2022-09-28T20:16:37 IST" duration-ms="1" status="PASS">
          <params>
            <param index="0">
              <value>
                <![CDATA[public void com.ots.test.ui.DashboardTest.NavigateToReports()]]>
              </value>
            </param>
          </params>
          <reporter-output>
          </reporter-output>
        </test-method> <!-- beforeMethod -->
        <test-method signature="NavigateToReports()[pri:17, instance:com.ots.test.ui.DashboardTest@76f2bbc1]" started-at="2022-09-28T20:16:37 IST" name="NavigateToReports" finished-at="2022-09-28T20:16:53 IST" depends-on-methods="com.ots.test.ui.DashboardTest.NavigateToDashboard" duration-ms="15887" status="PASS">
          <reporter-output>
          </reporter-output>
        </test-method> <!-- NavigateToReports -->
        <test-method is-config="true" signature="beforeMethod(java.lang.reflect.Method)[pri:0, instance:com.ots.test.ui.DashboardTest@76f2bbc1]" started-at="2022-09-28T20:16:53 IST" name="beforeMethod" finished-at="2022-09-28T20:16:53 IST" duration-ms="0" status="PASS">
          <params>
            <param index="0">
              <value>
                <![CDATA[public void com.ots.test.ui.DashboardTest.logOut()]]>
              </value>
            </param>
          </params>
          <reporter-output>
          </reporter-output>
        </test-method> <!-- beforeMethod -->
        <test-method signature="logOut()[pri:18, instance:com.ots.test.ui.DashboardTest@76f2bbc1]" started-at="2022-09-28T20:16:53 IST" name="logOut" finished-at="2022-09-28T20:17:07 IST" depends-on-methods="com.ots.test.ui.DashboardTest.NavigateToReports" duration-ms="14697" status="PASS">
          <reporter-output>
          </reporter-output>
        </test-method> <!-- logOut -->
        <test-method is-config="true" signature="unsetUp()[pri:0, instance:com.ots.test.ui.DashboardTest@76f2bbc1]" started-at="2022-09-28T20:17:07 IST" name="unsetUp" finished-at="2022-09-28T20:17:08 IST" duration-ms="374" status="PASS">
          <reporter-output>
          </reporter-output>
        </test-method> <!-- unsetUp -->
      </class> <!-- com.ots.test.ui.DashboardTest -->
    </test> <!-- Default test -->
  </suite> <!-- Default suite -->
</testng-results>
